[2025-10-26--20-55-19 INFO actix_server::builder] starting 5 workers
[2025-10-26--20-55-19 INFO actix_server::server] Tokio runtime found; starting in existing Tokio runtime
[2025-10-26--20-55-19 INFO actix_server::server] starting service: "actix-web-service-127.0.0.1:18488", workers: 5, listening on: 127.0.0.1:18488
[2025-10-26--20-55-19 INFO parity_ws] Listening for new connections on 127.0.0.1:8900.
[2025-10-26--20-55-20 INFO surfpool::cli::simnet] Clock ticking (epoch 870, slot 375934027)
[2025-10-26--20-55-20 INFO surfpool::cli::simnet] Clock ticking (epoch 870, slot 375934028)
[2025-10-26--20-55-20 INFO surfpool::cli::simnet] Clock ticking (epoch 870, slot 375934029)
[2025-10-26--20-55-21 INFO surfpool::cli::simnet] Clock ticking (epoch 870, slot 375934030)
[2025-10-26--20-55-21 INFO surfpool::cli::simnet] Clock ticking (epoch 870, slot 375934031)
[2025-10-26--20-55-21 INFO surfpool::cli::simnet] Clock ticking (epoch 870, slot 375934032)
[2025-10-26--20-55-22 INFO surfpool::cli::simnet] Clock ticking (epoch 870, slot 375934033)
[2025-10-26--20-55-22 INFO surfpool::cli::simnet] Clock ticking (epoch 870, slot 375934034)
[2025-10-26--20-55-23 INFO surfpool::cli::simnet] Clock ticking (epoch 870, slot 375934035)
[2025-10-26--20-55-23 INFO surfpool::cli::simnet] Clock ticking (epoch 870, slot 375934036)
[2025-10-26--20-55-23 INFO surfpool::cli::simnet] Clock ticking (epoch 870, slot 375934037)
[2025-10-26--20-55-24 INFO surfpool::cli::simnet] Clock ticking (epoch 870, slot 375934038)
[2025-10-26--20-55-24 INFO surfpool::cli::simnet] Clock ticking (epoch 870, slot 375934039)
[2025-10-26--20-55-25 INFO surfpool::cli::simnet] Clock ticking (epoch 870, slot 375934040)
[2025-10-26--20-55-25 INFO surfpool::cli::simnet] Clock ticking (epoch 870, slot 375934041)
[2025-10-26--20-55-25 INFO surfpool::cli::simnet] Clock ticking (epoch 870, slot 375934042)
[2025-10-26--20-55-26 INFO surfpool::cli::simnet] Clock ticking (epoch 870, slot 375934043)
[2025-10-26--20-55-26 INFO surfpool::cli::simnet] Clock ticking (epoch 870, slot 375934044)
[2025-10-26--20-55-27 INFO surfpool::cli::simnet] Clock ticking (epoch 870, slot 375934045)
[2025-10-26--20-55-27 INFO surfpool::cli::simnet] Clock ticking (epoch 870, slot 375934046)
[2025-10-26--20-55-27 INFO surfpool::cli::simnet] Clock ticking (epoch 870, slot 375934047)
[2025-10-26--20-55-28 INFO surfpool::cli::simnet] Clock ticking (epoch 870, slot 375934048)
