[2025-10-26--21-01-13 INFO actix_server::builder] starting 5 workers
[2025-10-26--21-01-13 INFO actix_server::server] Tokio runtime found; starting in existing Tokio runtime
[2025-10-26--21-01-13 INFO actix_server::server] starting service: "actix-web-service-127.0.0.1:18488", workers: 5, listening on: 127.0.0.1:18488
[2025-10-26--21-01-13 INFO parity_ws] Listening for new connections on 127.0.0.1:8900.
[2025-10-26--21-01-14 INFO surfpool::cli::simnet] Clock ticking (epoch 870, slot 375934915)
[2025-10-26--21-01-14 INFO surfpool::cli::simnet] Clock ticking (epoch 870, slot 375934916)
[2025-10-26--21-01-14 INFO surfpool::cli::simnet] Clock ticking (epoch 870, slot 375934917)
[2025-10-26--21-01-15 INFO surfpool::cli::simnet] Clock ticking (epoch 870, slot 375934918)
[2025-10-26--21-01-15 INFO surfpool::cli::simnet] Clock ticking (epoch 870, slot 375934919)
[2025-10-26--21-01-16 INFO surfpool::cli::simnet] Clock ticking (epoch 870, slot 375934920)
[2025-10-26--21-01-16 INFO surfpool::cli::simnet] Clock ticking (epoch 870, slot 375934921)
[2025-10-26--21-01-16 INFO surfpool::cli::simnet] Clock ticking (epoch 870, slot 375934922)
[2025-10-26--21-01-17 INFO surfpool::cli::simnet] Clock ticking (epoch 870, slot 375934923)
[2025-10-26--21-01-17 INFO surfpool::cli::simnet] Clock ticking (epoch 870, slot 375934924)
[2025-10-26--21-01-18 INFO surfpool::cli::simnet] Clock ticking (epoch 870, slot 375934925)
[2025-10-26--21-01-18 INFO surfpool::cli::simnet] Clock ticking (epoch 870, slot 375934926)
[2025-10-26--21-01-18 INFO surfpool::cli::simnet] Clock ticking (epoch 870, slot 375934927)
[2025-10-26--21-01-19 INFO surfpool::cli::simnet] Clock ticking (epoch 870, slot 375934928)
[2025-10-26--21-01-19 INFO surfpool::cli::simnet] Clock ticking (epoch 870, slot 375934929)
[2025-10-26--21-01-20 INFO surfpool::cli::simnet] Clock ticking (epoch 870, slot 375934930)
[2025-10-26--21-01-20 INFO surfpool::cli::simnet] Clock ticking (epoch 870, slot 375934931)
[2025-10-26--21-01-20 INFO surfpool::cli::simnet] Clock ticking (epoch 870, slot 375934932)
[2025-10-26--21-01-21 INFO surfpool::cli::simnet] Clock ticking (epoch 870, slot 375934933)
[2025-10-26--21-01-21 INFO surfpool::cli::simnet] Clock ticking (epoch 870, slot 375934934)
[2025-10-26--21-01-22 INFO surfpool::cli::simnet] Clock ticking (epoch 870, slot 375934935)
[2025-10-26--21-01-22 INFO surfpool::cli::simnet] Clock ticking (epoch 870, slot 375934936)
[2025-10-26--21-01-22 INFO surfpool::cli::simnet] Clock ticking (epoch 870, slot 375934937)
[2025-10-26--21-01-23 INFO surfpool::cli::simnet] Clock ticking (epoch 870, slot 375934938)
[2025-10-26--21-01-23 INFO surfpool::cli::simnet] Clock ticking (epoch 870, slot 375934939)
[2025-10-26--21-01-24 INFO surfpool::cli::simnet] Clock ticking (epoch 870, slot 375934940)
[2025-10-26--21-01-24 INFO surfpool::cli::simnet] Clock ticking (epoch 870, slot 375934941)
